2020-01-18 20:58:38.147 [main] DEBUG c.imooc.o2o.dao.split.DynamicDataSourceInterceptor - 设置方法[com.imooc.o2o.dao.ShopDao.insertShop] use [master] Strategy, SqlCommanType [INSERT]..
2020-01-18 20:58:38.150 [main] DEBUG com.imooc.o2o.dao.split.DynamicDataSourceHolder - 所使用的数据源为：master
2020-01-18 20:58:38.160 [main] DEBUG com.imooc.o2o.dao.ShopDao.insertShop - ==>  Preparing: INSERT INTO tb_shop(owner_id, area_id, shop_category_id, shop_name, shop_desc, shop_addr, phone, shop_img, priority, create_time, last_edit_time, enable_status, advice) VALUES (?,?,?,?, ?,?,?,?,?, ?,?, ?,?) 
2020-01-18 20:58:38.193 [main] DEBUG com.imooc.o2o.dao.ShopDao.insertShop - ==> Parameters: 1(Long), 2(Integer), 1(Long), 测试的店铺3(String), test3(String), test3(String), test3(String), null, null, 2020-01-18 20:58:38.132(Timestamp), 2020-01-18 20:58:38.132(Timestamp), 0(Integer), 审核中(String)
2020-01-18 20:58:38.195 [main] DEBUG com.imooc.o2o.dao.ShopDao.insertShop - <==    Updates: 1
2020-01-18 20:58:38.258 [main] DEBUG com.imooc.o2o.util.ImageUtil - current relativeAddr is :\upload\images\item\shop\2\2020011820583833317.png
2020-01-18 20:58:38.258 [main] DEBUG com.imooc.o2o.util.ImageUtil - current complete addr is :D:\projectdev\image\upload\images\item\shop\2\2020011820583833317.png
2020-01-18 20:58:38.258 [main] DEBUG com.imooc.o2o.util.ImageUtil - basePath is :/G:/TEXT/o2o/target/test-classes/
2020-01-18 21:05:19.462 [main] DEBUG c.imooc.o2o.dao.split.DynamicDataSourceInterceptor - 设置方法[com.imooc.o2o.dao.ShopDao.insertShop] use [master] Strategy, SqlCommanType [INSERT]..
2020-01-18 21:05:19.464 [main] DEBUG com.imooc.o2o.dao.split.DynamicDataSourceHolder - 所使用的数据源为：master
2020-01-18 21:05:19.473 [main] DEBUG com.imooc.o2o.dao.ShopDao.insertShop - ==>  Preparing: INSERT INTO tb_shop(owner_id, area_id, shop_category_id, shop_name, shop_desc, shop_addr, phone, shop_img, priority, create_time, last_edit_time, enable_status, advice) VALUES (?,?,?,?, ?,?,?,?,?, ?,?, ?,?) 
2020-01-18 21:05:19.505 [main] DEBUG com.imooc.o2o.dao.ShopDao.insertShop - ==> Parameters: 1(Long), 2(Integer), 1(Long), 测试的店铺3(String), test3(String), test3(String), test3(String), null, null, 2020-01-18 21:05:19.442(Timestamp), 2020-01-18 21:05:19.442(Timestamp), 0(Integer), 审核中(String)
2020-01-18 21:05:19.506 [main] DEBUG com.imooc.o2o.dao.ShopDao.insertShop - <==    Updates: 1
2020-01-18 21:05:19.522 [main] DEBUG com.imooc.o2o.util.ImageUtil - current relativeAddr is :\upload\images\item\shop\3\2020011821051975880.png
2020-01-18 21:05:19.522 [main] DEBUG com.imooc.o2o.util.ImageUtil - current complete addr is :D:\projectdev\image\upload\images\item\shop\3\2020011821051975880.png
2020-01-18 21:05:19.522 [main] DEBUG com.imooc.o2o.util.ImageUtil - basePath is :/G:/TEXT/o2o/target/test-classes/
2020-01-18 21:06:07.809 [main] DEBUG c.imooc.o2o.dao.split.DynamicDataSourceInterceptor - 设置方法[com.imooc.o2o.dao.ShopDao.insertShop] use [master] Strategy, SqlCommanType [INSERT]..
2020-01-18 21:06:07.810 [main] DEBUG com.imooc.o2o.dao.split.DynamicDataSourceHolder - 所使用的数据源为：master
2020-01-18 21:06:07.819 [main] DEBUG com.imooc.o2o.dao.ShopDao.insertShop - ==>  Preparing: INSERT INTO tb_shop(owner_id, area_id, shop_category_id, shop_name, shop_desc, shop_addr, phone, shop_img, priority, create_time, last_edit_time, enable_status, advice) VALUES (?,?,?,?, ?,?,?,?,?, ?,?, ?,?) 
2020-01-18 21:06:07.861 [main] DEBUG com.imooc.o2o.dao.ShopDao.insertShop - ==> Parameters: 1(Long), 2(Integer), 1(Long), 测试的店铺3(String), test3(String), test3(String), test3(String), null, null, 2020-01-18 21:06:07.793(Timestamp), 2020-01-18 21:06:07.793(Timestamp), 0(Integer), 审核中(String)
2020-01-18 21:06:07.863 [main] DEBUG com.imooc.o2o.dao.ShopDao.insertShop - <==    Updates: 1
2020-01-18 21:06:07.887 [main] DEBUG com.imooc.o2o.util.ImageUtil - current relativeAddr is :\upload\images\item\shop\4\2020011821060799520.png
2020-01-18 21:06:07.887 [main] DEBUG com.imooc.o2o.util.ImageUtil - current complete addr is :D:\projectdev\image\upload\images\item\shop\4\2020011821060799520.png
2020-01-18 21:06:07.887 [main] DEBUG com.imooc.o2o.util.ImageUtil - basePath is :/G:/TEXT/o2o/target/test-classes/
2020-01-18 21:08:11.364 [main] DEBUG c.imooc.o2o.dao.split.DynamicDataSourceInterceptor - 设置方法[com.imooc.o2o.dao.ShopDao.insertShop] use [master] Strategy, SqlCommanType [INSERT]..
2020-01-18 21:08:11.366 [main] DEBUG com.imooc.o2o.dao.split.DynamicDataSourceHolder - 所使用的数据源为：master
2020-01-18 21:08:11.375 [main] DEBUG com.imooc.o2o.dao.ShopDao.insertShop - ==>  Preparing: INSERT INTO tb_shop(owner_id, area_id, shop_category_id, shop_name, shop_desc, shop_addr, phone, shop_img, priority, create_time, last_edit_time, enable_status, advice) VALUES (?,?,?,?, ?,?,?,?,?, ?,?, ?,?) 
2020-01-18 21:08:11.408 [main] DEBUG com.imooc.o2o.dao.ShopDao.insertShop - ==> Parameters: 1(Long), 2(Integer), 1(Long), 测试的店铺3(String), test3(String), test3(String), test3(String), null, null, 2020-01-18 21:08:11.347(Timestamp), 2020-01-18 21:08:11.347(Timestamp), 0(Integer), 审核中(String)
2020-01-18 21:08:11.410 [main] DEBUG com.imooc.o2o.dao.ShopDao.insertShop - <==    Updates: 1
2020-01-18 21:08:11.425 [main] DEBUG com.imooc.o2o.util.ImageUtil - current relativeAddr is :\upload\images\item\shop\5\2020011821081130499.png
2020-01-18 21:08:11.425 [main] DEBUG com.imooc.o2o.util.ImageUtil - current complete addr is :D:\projectdev\image\upload\images\item\shop\5\2020011821081130499.png
2020-01-18 21:08:11.425 [main] DEBUG com.imooc.o2o.util.ImageUtil - basePath is :/G:/TEXT/o2o/target/test-classes/
2020-01-18 21:08:17.156 [main] DEBUG c.imooc.o2o.dao.split.DynamicDataSourceInterceptor - 设置方法[com.imooc.o2o.dao.ShopDao.insertShop] use [master] Strategy, SqlCommanType [INSERT]..
2020-01-18 21:08:17.158 [main] DEBUG com.imooc.o2o.dao.split.DynamicDataSourceHolder - 所使用的数据源为：master
2020-01-18 21:08:17.167 [main] DEBUG com.imooc.o2o.dao.ShopDao.insertShop - ==>  Preparing: INSERT INTO tb_shop(owner_id, area_id, shop_category_id, shop_name, shop_desc, shop_addr, phone, shop_img, priority, create_time, last_edit_time, enable_status, advice) VALUES (?,?,?,?, ?,?,?,?,?, ?,?, ?,?) 
2020-01-18 21:08:17.199 [main] DEBUG com.imooc.o2o.dao.ShopDao.insertShop - ==> Parameters: 1(Long), 2(Integer), 1(Long), 测试的店铺3(String), test3(String), test3(String), test3(String), null, null, 2020-01-18 21:08:17.14(Timestamp), 2020-01-18 21:08:17.14(Timestamp), 0(Integer), 审核中(String)
2020-01-18 21:08:17.201 [main] DEBUG com.imooc.o2o.dao.ShopDao.insertShop - <==    Updates: 1
2020-01-18 21:08:17.287 [main] DEBUG com.imooc.o2o.util.ImageUtil - current relativeAddr is :\upload\images\item\shop\6\2020011821081742993.png
2020-01-18 21:08:17.287 [main] DEBUG com.imooc.o2o.util.ImageUtil - current complete addr is :D:\projectdev\image\upload\images\item\shop\6\2020011821081742993.png
2020-01-18 21:08:17.287 [main] DEBUG com.imooc.o2o.util.ImageUtil - basePath is :/G:/TEXT/o2o/target/test-classes/
2020-01-18 21:20:17.076 [main] DEBUG c.imooc.o2o.dao.split.DynamicDataSourceInterceptor - 设置方法[com.imooc.o2o.dao.ShopDao.insertShop] use [master] Strategy, SqlCommanType [INSERT]..
2020-01-18 21:20:17.078 [main] DEBUG com.imooc.o2o.dao.split.DynamicDataSourceHolder - 所使用的数据源为：master
2020-01-18 21:20:17.092 [main] DEBUG com.imooc.o2o.dao.ShopDao.insertShop - ==>  Preparing: INSERT INTO tb_shop(owner_id, area_id, shop_category_id, shop_name, shop_desc, shop_addr, phone, shop_img, priority, create_time, last_edit_time, enable_status, advice) VALUES (?,?,?,?, ?,?,?,?,?, ?,?, ?,?) 
2020-01-18 21:20:17.138 [main] DEBUG com.imooc.o2o.dao.ShopDao.insertShop - ==> Parameters: 1(Long), 2(Integer), 1(Long), 测试的店铺3(String), test3(String), test3(String), test3(String), null, null, 2020-01-18 21:20:17.056(Timestamp), 2020-01-18 21:20:17.056(Timestamp), 0(Integer), 审核中(String)
2020-01-18 21:20:17.140 [main] DEBUG com.imooc.o2o.dao.ShopDao.insertShop - <==    Updates: 1
2020-01-18 21:20:17.213 [main] DEBUG com.imooc.o2o.util.ImageUtil - current relativeAddr is :\upload\images\item\shop\7\2020011821201798625.png
2020-01-18 21:20:17.215 [main] DEBUG com.imooc.o2o.util.ImageUtil - current complete addr is :D:\projectdev\image\upload\images\item\shop\7\2020011821201798625.png
2020-01-18 21:20:17.216 [main] DEBUG com.imooc.o2o.util.ImageUtil - basePath is :/G:/TEXT/o2o/target/test-classes/
2020-01-18 21:20:20.032 [main] DEBUG c.imooc.o2o.dao.split.DynamicDataSourceInterceptor - 设置方法[com.imooc.o2o.dao.ShopDao.insertShop] use [master] Strategy, SqlCommanType [INSERT]..
2020-01-18 21:20:20.034 [main] DEBUG com.imooc.o2o.dao.split.DynamicDataSourceHolder - 所使用的数据源为：master
2020-01-18 21:20:20.044 [main] DEBUG com.imooc.o2o.dao.ShopDao.insertShop - ==>  Preparing: INSERT INTO tb_shop(owner_id, area_id, shop_category_id, shop_name, shop_desc, shop_addr, phone, shop_img, priority, create_time, last_edit_time, enable_status, advice) VALUES (?,?,?,?, ?,?,?,?,?, ?,?, ?,?) 
2020-01-18 21:20:20.079 [main] DEBUG com.imooc.o2o.dao.ShopDao.insertShop - ==> Parameters: 1(Long), 2(Integer), 1(Long), 测试的店铺3(String), test3(String), test3(String), test3(String), null, null, 2020-01-18 21:20:20.016(Timestamp), 2020-01-18 21:20:20.016(Timestamp), 0(Integer), 审核中(String)
2020-01-18 21:20:20.081 [main] DEBUG com.imooc.o2o.dao.ShopDao.insertShop - <==    Updates: 1
2020-01-18 21:25:04.080 [main] DEBUG c.imooc.o2o.dao.split.DynamicDataSourceInterceptor - 设置方法[com.imooc.o2o.dao.ShopDao.insertShop] use [master] Strategy, SqlCommanType [INSERT]..
2020-01-18 21:25:04.082 [main] DEBUG com.imooc.o2o.dao.split.DynamicDataSourceHolder - 所使用的数据源为：master
2020-01-18 21:25:04.091 [main] DEBUG com.imooc.o2o.dao.ShopDao.insertShop - ==>  Preparing: INSERT INTO tb_shop(owner_id, area_id, shop_category_id, shop_name, shop_desc, shop_addr, phone, shop_img, priority, create_time, last_edit_time, enable_status, advice) VALUES (?,?,?,?, ?,?,?,?,?, ?,?, ?,?) 
2020-01-18 21:25:04.125 [main] DEBUG com.imooc.o2o.dao.ShopDao.insertShop - ==> Parameters: 1(Long), 2(Integer), 1(Long), 测试的店铺3(String), test3(String), test3(String), test3(String), null, null, 2020-01-18 21:25:04.063(Timestamp), 2020-01-18 21:25:04.063(Timestamp), 0(Integer), 审核中(String)
2020-01-18 21:25:04.127 [main] DEBUG com.imooc.o2o.dao.ShopDao.insertShop - <==    Updates: 1
2020-01-18 21:25:04.152 [main] DEBUG com.imooc.o2o.util.ImageUtil - current relativeAddr is :\upload\images\item\shop\9\2020011821250487595.png
2020-01-18 21:25:04.153 [main] DEBUG com.imooc.o2o.util.ImageUtil - current complete addr is :D:\projectdev\image\upload\images\item\shop\9\2020011821250487595.png
2020-01-18 21:25:04.153 [main] DEBUG com.imooc.o2o.util.ImageUtil - basePath is :/G:/TEXT/o2o/target/test-classes/
2020-01-18 21:30:24.022 [main] DEBUG c.imooc.o2o.dao.split.DynamicDataSourceInterceptor - 设置方法[com.imooc.o2o.dao.ShopDao.insertShop] use [master] Strategy, SqlCommanType [INSERT]..
2020-01-18 21:30:24.024 [main] DEBUG com.imooc.o2o.dao.split.DynamicDataSourceHolder - 所使用的数据源为：master
2020-01-18 21:30:24.034 [main] DEBUG com.imooc.o2o.dao.ShopDao.insertShop - ==>  Preparing: INSERT INTO tb_shop(owner_id, area_id, shop_category_id, shop_name, shop_desc, shop_addr, phone, shop_img, priority, create_time, last_edit_time, enable_status, advice) VALUES (?,?,?,?, ?,?,?,?,?, ?,?, ?,?) 
2020-01-18 21:30:24.068 [main] DEBUG com.imooc.o2o.dao.ShopDao.insertShop - ==> Parameters: 1(Long), 2(Integer), 1(Long), 测试的店铺3(String), test3(String), test3(String), test3(String), null, null, 2020-01-18 21:30:24.005(Timestamp), 2020-01-18 21:30:24.005(Timestamp), 0(Integer), 审核中(String)
2020-01-18 21:30:24.070 [main] DEBUG com.imooc.o2o.dao.ShopDao.insertShop - <==    Updates: 1
2020-01-18 21:30:24.125 [main] DEBUG com.imooc.o2o.util.ImageUtil - current relativeAddr is :upload\images\item\shop\10\2020011821302419696.png
2020-01-18 21:30:24.125 [main] DEBUG com.imooc.o2o.util.ImageUtil - current complete addr is :D:\projectdev\imageupload\images\item\shop\10\2020011821302419696.png
2020-01-18 21:30:24.125 [main] DEBUG com.imooc.o2o.util.ImageUtil - basePath is :/G:/TEXT/o2o/target/test-classes/
2020-01-18 21:40:26.934 [main] DEBUG com.imooc.o2o.util.ImageUtil - current relativeAddr is :\upload\images\item\shop\8\2020011821402689263.png
2020-01-18 21:40:26.935 [main] DEBUG com.imooc.o2o.util.ImageUtil - current complete addr is :D:\projectdev\image\upload\images\item\shop\8\2020011821402689263.png
2020-01-18 21:40:26.935 [main] DEBUG com.imooc.o2o.util.ImageUtil - basePath is :/G:/TEXT/o2o/target/test-classes/
2020-01-18 21:46:42.231 [main] DEBUG c.imooc.o2o.dao.split.DynamicDataSourceInterceptor - 设置方法[com.imooc.o2o.dao.ShopDao.insertShop] use [master] Strategy, SqlCommanType [INSERT]..
2020-01-18 21:46:42.232 [main] DEBUG com.imooc.o2o.dao.split.DynamicDataSourceHolder - 所使用的数据源为：master
2020-01-18 21:46:42.240 [main] DEBUG com.imooc.o2o.dao.ShopDao.insertShop - ==>  Preparing: INSERT INTO tb_shop(owner_id, area_id, shop_category_id, shop_name, shop_desc, shop_addr, phone, shop_img, priority, create_time, last_edit_time, enable_status, advice) VALUES (?,?,?,?, ?,?,?,?,?, ?,?, ?,?) 
2020-01-18 21:46:42.271 [main] DEBUG com.imooc.o2o.dao.ShopDao.insertShop - ==> Parameters: 1(Long), 2(Integer), 1(Long), 测试的店铺3(String), test3(String), test3(String), test3(String), null, null, 2020-01-18 21:46:42.216(Timestamp), 2020-01-18 21:46:42.216(Timestamp), 0(Integer), 审核中(String)
2020-01-18 21:46:42.272 [main] DEBUG com.imooc.o2o.dao.ShopDao.insertShop - <==    Updates: 1
2020-01-18 21:46:42.288 [main] DEBUG com.imooc.o2o.util.ImageUtil - current relativeAddr is :upload\images\item\shop\11\2020011821464229280.png
2020-01-18 21:46:42.288 [main] DEBUG com.imooc.o2o.util.ImageUtil - current complete addr is :D:\projectdev\imageupload\images\item\shop\11\2020011821464229280.png
2020-01-18 21:46:42.288 [main] DEBUG com.imooc.o2o.util.ImageUtil - basePath is :/G:/TEXT/o2o/target/test-classes/
2020-01-18 21:47:19.396 [main] DEBUG c.imooc.o2o.dao.split.DynamicDataSourceInterceptor - 设置方法[com.imooc.o2o.dao.ShopDao.insertShop] use [master] Strategy, SqlCommanType [INSERT]..
2020-01-18 21:47:19.398 [main] DEBUG com.imooc.o2o.dao.split.DynamicDataSourceHolder - 所使用的数据源为：master
2020-01-18 21:47:19.407 [main] DEBUG com.imooc.o2o.dao.ShopDao.insertShop - ==>  Preparing: INSERT INTO tb_shop(owner_id, area_id, shop_category_id, shop_name, shop_desc, shop_addr, phone, shop_img, priority, create_time, last_edit_time, enable_status, advice) VALUES (?,?,?,?, ?,?,?,?,?, ?,?, ?,?) 
2020-01-18 21:47:19.438 [main] DEBUG com.imooc.o2o.dao.ShopDao.insertShop - ==> Parameters: 1(Long), 2(Integer), 1(Long), 测试的店铺3(String), test3(String), test3(String), test3(String), null, null, 2020-01-18 21:47:19.382(Timestamp), 2020-01-18 21:47:19.382(Timestamp), 0(Integer), 审核中(String)
2020-01-18 21:47:19.439 [main] DEBUG com.imooc.o2o.dao.ShopDao.insertShop - <==    Updates: 1
2020-01-18 21:47:19.454 [main] DEBUG com.imooc.o2o.util.ImageUtil - current relativeAddr is :upload\images\item\shop\12\2020011821471952444.png
2020-01-18 21:47:19.454 [main] DEBUG com.imooc.o2o.util.ImageUtil - current complete addr is :D:\projectdev\imageupload\images\item\shop\12\2020011821471952444.png
2020-01-18 21:47:19.454 [main] DEBUG com.imooc.o2o.util.ImageUtil - basePath is :/G:/TEXT/o2o/target/test-classes/
2020-01-18 21:47:20.633 [main] DEBUG c.imooc.o2o.dao.split.DynamicDataSourceInterceptor - 设置方法[com.imooc.o2o.dao.ShopDao.updateShop] use [master] Strategy, SqlCommanType [UPDATE]..
2020-01-18 21:47:20.633 [main] DEBUG com.imooc.o2o.dao.split.DynamicDataSourceHolder - 所使用的数据源为：master
2020-01-18 21:47:20.653 [main] DEBUG com.imooc.o2o.dao.ShopDao.updateShop - ==>  Preparing: update tb_shop SET shop_name=?, shop_desc=?, shop_addr=?, phone=?, shop_img=?, last_edit_time=?, enable_status=?, advice=?, area_id=?, shop_category_id=? where shop_id=? 
2020-01-18 21:47:20.654 [main] DEBUG com.imooc.o2o.dao.ShopDao.updateShop - ==> Parameters: 测试的店铺3(String), test3(String), test3(String), test3(String), upload\images\item\shop\12\2020011821471952444.png(String), 2020-01-18 21:47:19.382(Timestamp), 0(Integer), 审核中(String), 2(Integer), 1(Long), 12(Long)
2020-01-18 21:47:20.655 [main] DEBUG com.imooc.o2o.dao.ShopDao.updateShop - <==    Updates: 1
2020-01-18 21:48:09.231 [main] DEBUG c.imooc.o2o.dao.split.DynamicDataSourceInterceptor - 设置方法[com.imooc.o2o.dao.ShopDao.insertShop] use [master] Strategy, SqlCommanType [INSERT]..
2020-01-18 21:48:09.232 [main] DEBUG com.imooc.o2o.dao.split.DynamicDataSourceHolder - 所使用的数据源为：master
2020-01-18 21:48:09.242 [main] DEBUG com.imooc.o2o.dao.ShopDao.insertShop - ==>  Preparing: INSERT INTO tb_shop(owner_id, area_id, shop_category_id, shop_name, shop_desc, shop_addr, phone, shop_img, priority, create_time, last_edit_time, enable_status, advice) VALUES (?,?,?,?, ?,?,?,?,?, ?,?, ?,?) 
2020-01-18 21:48:09.275 [main] DEBUG com.imooc.o2o.dao.ShopDao.insertShop - ==> Parameters: 1(Long), 2(Integer), 1(Long), 测试的店铺3(String), test3(String), test3(String), test3(String), null, null, 2020-01-18 21:48:09.213(Timestamp), 2020-01-18 21:48:09.213(Timestamp), 0(Integer), 审核中(String)
2020-01-18 21:48:09.277 [main] DEBUG com.imooc.o2o.dao.ShopDao.insertShop - <==    Updates: 1
2020-01-18 21:48:09.292 [main] DEBUG com.imooc.o2o.util.ImageUtil - current relativeAddr is :\upload\images\item\shop\13\2020011821480913779.png
2020-01-18 21:48:09.292 [main] DEBUG com.imooc.o2o.util.ImageUtil - current complete addr is :D:\projectdev\image\upload\images\item\shop\13\2020011821480913779.png
2020-01-18 21:48:09.292 [main] DEBUG com.imooc.o2o.util.ImageUtil - basePath is :/G:/TEXT/o2o/target/test-classes/
2020-01-18 21:48:09.833 [main] DEBUG c.imooc.o2o.dao.split.DynamicDataSourceInterceptor - 设置方法[com.imooc.o2o.dao.ShopDao.updateShop] use [master] Strategy, SqlCommanType [UPDATE]..
2020-01-18 21:48:09.833 [main] DEBUG com.imooc.o2o.dao.split.DynamicDataSourceHolder - 所使用的数据源为：master
2020-01-18 21:48:09.852 [main] DEBUG com.imooc.o2o.dao.ShopDao.updateShop - ==>  Preparing: update tb_shop SET shop_name=?, shop_desc=?, shop_addr=?, phone=?, shop_img=?, last_edit_time=?, enable_status=?, advice=?, area_id=?, shop_category_id=? where shop_id=? 
2020-01-18 21:48:09.853 [main] DEBUG com.imooc.o2o.dao.ShopDao.updateShop - ==> Parameters: 测试的店铺3(String), test3(String), test3(String), test3(String), \upload\images\item\shop\13\2020011821480913779.png(String), 2020-01-18 21:48:09.213(Timestamp), 0(Integer), 审核中(String), 2(Integer), 1(Long), 13(Long)
2020-01-18 21:48:09.854 [main] DEBUG com.imooc.o2o.dao.ShopDao.updateShop - <==    Updates: 1
